2025-02-05 11:37:03.990  INFO 1 - [       main] c.epam.healenium.Application     : Starting Application v3.4.6 using Java 22.0.2 with PID 1 (/healenium-backend.jar started by root in /) 
2025-02-05 11:37:04.064  INFO 1 - [       main] c.epam.healenium.Application     : No active profile set, falling back to 1 default profile: "default" 
2025-02-05 11:37:05.331  INFO 1 - [       main] .RepositoryConfigurationDelegate : Bootstrapping Spring Data JPA repositories in DEFAULT mode. 
2025-02-05 11:37:05.516  INFO 1 - [       main] .RepositoryConfigurationDelegate : Finished Spring Data repository scanning in 166 ms. Found 4 JPA repository interfaces. 
2025-02-05 11:37:06.540  INFO 1 - [       main] o.s.b.w.e.t.TomcatWebServer      : Tomcat initialized with port 7878 (http) 
2025-02-05 11:37:06.565  INFO 1 - [       main] o.a.c.core.StandardService       : Starting service [Tomcat] 
2025-02-05 11:37:06.566  INFO 1 - [       main] o.a.c.core.StandardEngine        : Starting Servlet engine: [Apache Tomcat/10.1.30] 
2025-02-05 11:37:06.618  INFO 1 - [       main] o.a.c.c.C.[.[localhost].[/]      : Initializing Spring embedded WebApplicationContext 
2025-02-05 11:37:06.619  INFO 1 - [       main] rvletWebServerApplicationContext : Root WebApplicationContext: initialization completed in 2492 ms 
2025-02-05 11:37:07.019  INFO 1 - [       main] c.z.hikari.HikariDataSource      : HikariPool-1 - Starting... 
2025-02-05 11:37:07.237  INFO 1 - [       main] c.z.hikari.HikariDataSource      : HikariPool-1 - Start completed. 
2025-02-05 11:37:07.345  INFO 1 - [       main] liquibase.database               : Set default schema name to healenium 
2025-02-05 11:37:07.894  INFO 1 - [       main] liquibase.changelog              : Reading from healenium.databasechangelog 
2025-02-05 11:37:07.948  INFO 1 - [       main] liquibase.ui                     : Database is up to date, no changesets to execute 
2025-02-05 11:37:07.950  INFO 1 - [       main] liquibase.changelog              : Reading from healenium.databasechangelog 
2025-02-05 11:37:07.957  INFO 1 - [       main] liquibase.util                   : UPDATE SUMMARY 
2025-02-05 11:37:07.958  INFO 1 - [       main] liquibase.util                   : Run:                          0 
2025-02-05 11:37:07.959  INFO 1 - [       main] liquibase.util                   : Previously run:              10 
2025-02-05 11:37:07.959  INFO 1 - [       main] liquibase.util                   : Filtered out:                 0 
2025-02-05 11:37:07.959  INFO 1 - [       main] liquibase.util                   : ------------------------------- 
2025-02-05 11:37:07.960  INFO 1 - [       main] liquibase.util                   : Total change sets:           10 
2025-02-05 11:37:07.960  INFO 1 - [       main] liquibase.util                   : Update summary generated 
2025-02-05 11:37:07.976  INFO 1 - [       main] liquibase.lockservice            : Successfully released change log lock 
2025-02-05 11:37:07.977  INFO 1 - [       main] liquibase.command                : Command execution complete 
2025-02-05 11:37:08.098  INFO 1 - [       main] o.h.j.internal.util.LogHelper    : HHH000204: Processing PersistenceUnitInfo [name: default] 
2025-02-05 11:37:08.167  INFO 1 - [       main] org.hibernate.Version            : HHH000412: Hibernate ORM core version 6.5.3.Final 
2025-02-05 11:37:08.202  INFO 1 - [       main] o.h.c.i.RegionFactoryInitiator   : HHH000026: Second-level cache disabled 
2025-02-05 11:37:08.525  INFO 1 - [       main] .o.j.p.SpringPersistenceUnitInfo : No LoadTimeWeaver setup: ignoring JPA class transformer 
2025-02-05 11:37:08.538  WARN 1 - [       main] org.hibernate.orm.deprecation    : HHH90000021: Encountered deprecated setting [hibernate.temp.use_jdbc_metadata_defaults], use [hibernate.boot.allow_jdbc_metadata_access] instead 
2025-02-05 11:37:08.559  WARN 1 - [       main] org.hibernate.orm.deprecation    : HHH90000025: PostgreSQLDialect does not need to be specified explicitly using 'hibernate.dialect' (remove the property setting and it will be selected by default) 
2025-02-05 11:37:09.480  WARN 1 - [       main] o.h.m.internal.MetadataContext   : HHH015011: Unable to locate static metamodel field : com.epam.healenium.model.domain.Selector_#nodePathWrapper; this may or may not indicate a problem with the static metamodel 
2025-02-05 11:37:09.485  INFO 1 - [       main] h.e.t.j.p.i.JtaPlatformInitiator : HHH000489: No JTA platform available (set 'hibernate.transaction.jta.platform' to enable JTA platform integration) 
2025-02-05 11:37:09.488  INFO 1 - [       main] ontainerEntityManagerFactoryBean : Initialized JPA EntityManagerFactory for persistence unit 'default' 
2025-02-05 11:37:09.903  INFO 1 - [       main] o.s.d.j.r.q.QueryEnhancerFactory : Hibernate is in classpath; If applicable, HQL parser will be used. 
2025-02-05 11:37:10.519  INFO 1 - [       main] .a.w.s.WelcomePageHandlerMapping : Adding welcome page template: index 
2025-02-05 11:37:11.187  INFO 1 - [       main] .s.b.a.e.w.EndpointLinksResolver : Exposing 1 endpoint beneath base path '/actuator' 
2025-02-05 11:37:11.313  INFO 1 - [       main] o.s.b.w.e.t.TomcatWebServer      : Tomcat started on port 7878 (http) with context path '/' 
2025-02-05 11:37:11.399  INFO 1 - [       main] c.epam.healenium.Application     : Started Application in 7.984 seconds (process running for 9.129) 
2025-02-05 13:34:43.710  WARN 1 - [housekeeper] c.z.hikari.pool.HikariPool       : HikariPool-1 - Thread starvation or clock leap detected (housekeeper delta=41m36s22ms240µs688ns). 
